{
  "RSpec": {
    "coverage": {
      "/home/jarkkok/projektit/kurssit/web-palvelinohjelmointi2018/ratebeer/app/helpers/application_helper.rb": [
        1,
        1,
        13,
        null,
        10,
        10,
        null,
        null,
        10,
        null,
        null,
        1,
        7,
        null,
        null
      ],
      "/home/jarkkok/projektit/kurssit/web-palvelinohjelmointi2018/ratebeer/app/helpers/beerclubs_helper.rb": [
        1,
        null
      ],
      "/home/jarkkok/projektit/kurssit/web-palvelinohjelmointi2018/ratebeer/app/helpers/beers_helper.rb": [
        1,
        null
      ],
      "/home/jarkkok/projektit/kurssit/web-palvelinohjelmointi2018/ratebeer/app/helpers/breweries_helper.rb": [
        1,
        null
      ],
      "/home/jarkkok/projektit/kurssit/web-palvelinohjelmointi2018/ratebeer/app/helpers/memberships_helper.rb": [
        1,
        null
      ],
      "/home/jarkkok/projektit/kurssit/web-palvelinohjelmointi2018/ratebeer/app/helpers/styles_helper.rb": [
        1,
        null
      ],
      "/home/jarkkok/projektit/kurssit/web-palvelinohjelmointi2018/ratebeer/app/helpers/users_helper.rb": [
        1,
        null
      ],
      "/home/jarkkok/projektit/kurssit/web-palvelinohjelmointi2018/ratebeer/app/models/beer.rb": [
        1,
        1,
        1,
        1,
        1,
        null,
        1,
        null,
        1,
        null,
        1,
        0,
        null,
        0,
        null,
        null,
        1,
        2,
        null,
        null
      ],
      "/home/jarkkok/projektit/kurssit/web-palvelinohjelmointi2018/ratebeer/app/models/application_record.rb": [
        1,
        1,
        null
      ],
      "/home/jarkkok/projektit/kurssit/web-palvelinohjelmointi2018/ratebeer/app/models/concerns/rating_average.rb": [
        1,
        1,
        null,
        1,
        14,
        null,
        7,
        null,
        null
      ],
      "/home/jarkkok/projektit/kurssit/web-palvelinohjelmointi2018/ratebeer/app/models/style.rb": [
        1,
        1,
        1,
        null,
        1,
        null,
        1,
        0,
        null,
        0,
        null,
        null
      ],
      "/home/jarkkok/projektit/kurssit/web-palvelinohjelmointi2018/ratebeer/app/models/user.rb": [
        1,
        1,
        1,
        1,
        1,
        null,
        1,
        null,
        1,
        null,
        1,
        null,
        null,
        null,
        null,
        null,
        1,
        null,
        1,
        null,
        1,
        3,
        null,
        2,
        null,
        null,
        1,
        8,
        null,
        16,
        7,
        null,
        null,
        1,
        8,
        null,
        16,
        7,
        null,
        null,
        1,
        0,
        null,
        0,
        null,
        null
      ],
      "/home/jarkkok/projektit/kurssit/web-palvelinohjelmointi2018/ratebeer/app/controllers/styles_controller.rb": [
        1,
        1,
        1,
        1,
        null,
        null,
        null,
        1,
        1,
        null,
        null,
        null,
        null,
        1,
        null,
        null,
        null,
        1,
        0,
        null,
        null,
        null,
        1,
        null,
        null,
        null,
        null,
        1,
        0,
        null,
        0,
        0,
        0,
        0,
        null,
        0,
        0,
        null,
        null,
        null,
        null,
        null,
        null,
        1,
        0,
        0,
        0,
        0,
        null,
        0,
        0,
        null,
        null,
        null,
        null,
        null,
        null,
        1,
        0,
        0,
        0,
        0,
        null,
        null,
        null,
        1,
        null,
        null,
        1,
        0,
        null,
        null,
        null,
        1,
        0,
        null,
        null
      ],
      "/home/jarkkok/projektit/kurssit/web-palvelinohjelmointi2018/ratebeer/app/controllers/application_controller.rb": [
        1,
        null,
        1,
        null,
        1,
        122,
        null,
        90,
        null,
        null,
        1,
        4,
        null,
        null,
        1,
        0,
        null,
        null
      ],
      "/home/jarkkok/projektit/kurssit/web-palvelinohjelmointi2018/ratebeer/app/models/brewery.rb": [
        1,
        1,
        1,
        null,
        1,
        1,
        30,
        null,
        null,
        4,
        4,
        null,
        1,
        null,
        1,
        0,
        null,
        0,
        null,
        null
      ],
      "/home/jarkkok/projektit/kurssit/web-palvelinohjelmointi2018/ratebeer/app/controllers/sessions_controller.rb": [
        1,
        1,
        null,
        null,
        null,
        1,
        7,
        null,
        7,
        6,
        0,
        null,
        6,
        6,
        null,
        null,
        1,
        null,
        null,
        null,
        1,
        null,
        0,
        null,
        0,
        null,
        null
      ],
      "/home/jarkkok/projektit/kurssit/web-palvelinohjelmointi2018/ratebeer/app/controllers/users_controller.rb": [
        1,
        1,
        1,
        1,
        null,
        null,
        null,
        1,
        0,
        null,
        null,
        null,
        null,
        1,
        null,
        null,
        null,
        1,
        1,
        null,
        null,
        null,
        1,
        null,
        null,
        null,
        null,
        1,
        1,
        null,
        1,
        1,
        2,
        1,
        null,
        0,
        0,
        null,
        null,
        null,
        null,
        null,
        null,
        1,
        0,
        0,
        0,
        0,
        null,
        0,
        0,
        null,
        null,
        null,
        null,
        null,
        null,
        1,
        0,
        0,
        null,
        0,
        0,
        0,
        null,
        null,
        null,
        1,
        0,
        null,
        0,
        null,
        0,
        null,
        null,
        1,
        null,
        null,
        1,
        12,
        null,
        null,
        null,
        1,
        1,
        null,
        null
      ],
      "/home/jarkkok/projektit/kurssit/web-palvelinohjelmointi2018/ratebeer/app/models/membership.rb": [
        1,
        1,
        1,
        null
      ],
      "/home/jarkkok/projektit/kurssit/web-palvelinohjelmointi2018/ratebeer/app/models/beerclub.rb": [
        1,
        1,
        1,
        null,
        1,
        0,
        null,
        null
      ],
      "/home/jarkkok/projektit/kurssit/web-palvelinohjelmointi2018/ratebeer/app/models/rating.rb": [
        1,
        1,
        1,
        null,
        1,
        null,
        null,
        null,
        1,
        null,
        1,
        0,
        null,
        null
      ],
      "/home/jarkkok/projektit/kurssit/web-palvelinohjelmointi2018/ratebeer/app/controllers/beers_controller.rb": [
        1,
        1,
        1,
        1,
        1,
        null,
        null,
        null,
        1,
        1,
        null,
        null,
        null,
        null,
        1,
        0,
        0,
        null,
        null,
        1,
        4,
        4,
        null,
        null,
        null,
        1,
        2,
        null,
        null,
        null,
        1,
        null,
        null,
        null,
        null,
        1,
        2,
        null,
        2,
        2,
        2,
        1,
        null,
        2,
        1,
        null,
        null,
        null,
        null,
        null,
        null,
        1,
        0,
        0,
        0,
        0,
        null,
        0,
        0,
        null,
        null,
        null,
        null,
        null,
        null,
        1,
        0,
        0,
        0,
        0,
        null,
        null,
        null,
        1,
        null,
        null,
        1,
        0,
        null,
        null,
        null,
        1,
        2,
        null,
        null
      ],
      "/home/jarkkok/projektit/kurssit/web-palvelinohjelmointi2018/ratebeer/app/controllers/breweries_controller.rb": [
        1,
        1,
        1,
        1,
        null,
        null,
        null,
        1,
        3,
        3,
        null,
        null,
        null,
        null,
        1,
        null,
        null,
        null,
        1,
        0,
        null,
        null,
        null,
        1,
        null,
        null,
        null,
        null,
        1,
        0,
        null,
        0,
        0,
        0,
        0,
        null,
        0,
        0,
        null,
        null,
        null,
        null,
        null,
        null,
        1,
        0,
        0,
        0,
        0,
        null,
        0,
        0,
        null,
        null,
        null,
        null,
        null,
        null,
        1,
        0,
        0,
        0,
        0,
        null,
        null,
        null,
        1,
        0,
        null,
        0,
        null,
        0,
        null,
        null,
        1,
        null,
        1,
        0,
        null,
        0,
        0,
        null,
        0,
        null,
        null,
        null,
        null,
        1,
        1,
        null,
        null,
        null,
        1,
        0,
        null,
        null
      ],
      "/home/jarkkok/projektit/kurssit/web-palvelinohjelmointi2018/ratebeer/lib/beermapping_api.rb": [
        1,
        1,
        5,
        null,
        9,
        null,
        null,
        1,
        4,
        null,
        4,
        4,
        null,
        4,
        null,
        4,
        4,
        5,
        null,
        null,
        null,
        1,
        4,
        null,
        4,
        null,
        null
      ],
      "/home/jarkkok/projektit/kurssit/web-palvelinohjelmointi2018/ratebeer/app/models/place.rb": [
        1,
        1,
        0,
        null,
        null
      ],
      "/home/jarkkok/projektit/kurssit/web-palvelinohjelmointi2018/ratebeer/lib/apixu_api.rb": [
        1,
        1,
        0,
        0,
        null,
        null,
        1,
        0,
        null,
        0,
        null,
        null
      ],
      "/home/jarkkok/projektit/kurssit/web-palvelinohjelmointi2018/ratebeer/app/controllers/places_controller.rb": [
        1,
        1,
        1,
        null,
        1,
        null,
        null,
        1,
        3,
        3,
        3,
        1,
        null,
        2,
        null,
        null,
        null,
        1,
        null,
        null,
        1,
        7,
        null,
        null,
        1,
        0,
        null,
        null
      ],
      "/home/jarkkok/projektit/kurssit/web-palvelinohjelmointi2018/ratebeer/app/controllers/ratings_controller.rb": [
        1,
        1,
        0,
        null,
        null,
        1,
        1,
        1,
        null,
        null,
        1,
        1,
        1,
        null,
        1,
        1,
        null,
        0,
        0,
        null,
        null,
        null,
        1,
        1,
        1,
        null,
        1,
        null,
        null
      ],
      "/home/jarkkok/projektit/kurssit/web-palvelinohjelmointi2018/ratebeer/app/mailers/application_mailer.rb": [
        0,
        0,
        0,
        0
      ],
      "/home/jarkkok/projektit/kurssit/web-palvelinohjelmointi2018/ratebeer/app/jobs/application_job.rb": [
        0,
        0
      ],
      "/home/jarkkok/projektit/kurssit/web-palvelinohjelmointi2018/ratebeer/app/channels/application_cable/connection.rb": [
        0,
        0,
        0,
        0
      ],
      "/home/jarkkok/projektit/kurssit/web-palvelinohjelmointi2018/ratebeer/app/channels/application_cable/channel.rb": [
        0,
        0,
        0,
        0
      ],
      "/home/jarkkok/projektit/kurssit/web-palvelinohjelmointi2018/ratebeer/app/controllers/beerclubs_controller.rb": [
        0,
        0,
        0,
        0,
        null,
        null,
        null,
        0,
        0,
        0,
        null,
        null,
        null,
        0,
        0,
        0,
        0,
        0,
        null,
        null,
        0,
        0,
        0,
        null,
        null,
        0,
        0,
        null,
        null,
        null,
        0,
        0,
        null,
        0,
        0,
        0,
        0,
        0,
        0,
        0,
        0,
        0,
        0,
        null,
        null,
        null,
        0,
        0,
        0,
        0,
        0,
        0,
        0,
        0,
        0,
        0,
        0,
        null,
        null,
        null,
        0,
        0,
        0,
        0,
        0,
        0,
        0,
        null,
        0,
        null,
        null,
        0,
        0,
        0,
        null,
        null,
        0,
        0,
        0,
        0
      ],
      "/home/jarkkok/projektit/kurssit/web-palvelinohjelmointi2018/ratebeer/app/controllers/memberships_controller.rb": [
        0,
        0,
        null,
        null,
        null,
        0,
        0,
        0,
        null,
        null,
        null,
        0,
        0,
        null,
        null,
        0,
        0,
        0,
        0,
        null,
        null,
        0,
        0,
        null,
        null,
        null,
        0,
        0,
        0,
        null,
        0,
        0,
        0,
        0,
        0,
        0,
        0,
        0,
        0,
        0,
        null,
        null,
        null,
        0,
        0,
        0,
        0,
        0,
        0,
        0,
        0,
        0,
        0,
        0,
        null,
        null,
        null,
        0,
        0,
        0,
        0,
        0,
        0,
        0,
        null,
        0,
        null,
        null,
        0,
        0,
        0,
        null,
        null,
        0,
        0,
        0,
        0
      ]
    },
    "timestamp": 1539277033
  }
}
